<?xml version="1.0" encoding="UTF-8"?>
<!-- Generated by org.testng.reporters.JUnitReportReporter -->
<testsuite hostname="recep-mbp" failures="0" tests="1" name="com.ciceksepeti.logInTest.NegativeTest" time="17.081" errors="0" timestamp="12 Nis 2019 10:58:14 GMT" skipped="0">
  <testcase classname="com.ciceksepeti.logInTest.NegativeTest" name="negativeTest" time="17.081"/>
</testsuite> <!-- com.ciceksepeti.logInTest.NegativeTest -->
